{"numTotalTestSuites":12,"numPassedTestSuites":11,"numFailedTestSuites":1,"numPendingTestSuites":0,"numTotalTests":27,"numPassedTests":0,"numFailedTests":0,"numPendingTests":27,"numTodoTests":0,"snapshot":{"added":0,"failure":false,"filesAdded":0,"filesRemoved":0,"filesRemovedList":[],"filesUnmatched":0,"filesUpdated":0,"matched":0,"total":0,"unchecked":0,"uncheckedKeysByFile":[],"unmatched":0,"updated":0,"didUpdate":false},"startTime":1785436645628,"success":false,"testResults":[{"assertionResults":[{"ancestorTitles":["Phase 6b: Global Fulfillment","Fulfillment Centers"],"fullName":"Phase 6b: Global Fulfillment Fulfillment Centers select-center: Find best fulfillment center by destination","status":"skipped","title":"select-center: Find best fulfillment center by destination","failureMessages":[],"location":{"line":81,"column":5},"meta":{},"tags":[]},{"ancestorTitles":["Phase 6b: Global Fulfillment","Fulfillment Centers"],"fullName":"Phase 6b: Global Fulfillment Fulfillment Centers calculate-shipping: Get shipping cost with surcharges","status":"skipped","title":"calculate-shipping: Get shipping cost with surcharges","failureMessages":[],"location":{"line":97,"column":5},"meta":{},"tags":[]},{"ancestorTitles":["Phase 6b: Global Fulfillment","Fulfillment Centers"],"fullName":"Phase 6b: Global Fulfillment Fulfillment Centers shipping-rates: Get multiple carrier options","status":"skipped","title":"shipping-rates: Get multiple carrier options","failureMessages":[],"location":{"line":115,"column":5},"meta":{},"tags":[]},{"ancestorTitles":["Phase 6b: Global Fulfillment","Shipment Tracking"],"fullName":"Phase 6b: Global Fulfillment Shipment Tracking create-shipment: Create shipment for order","status":"skipped","title":"create-shipment: Create shipment for order","failureMessages":[],"location":{"line":132,"column":5},"meta":{},"tags":[]},{"ancestorTitles":["Phase 6b: Global Fulfillment","Shipment Tracking"],"fullName":"Phase 6b: Global Fulfillment Shipment Tracking track-shipment: Get real-time tracking info","status":"skipped","title":"track-shipment: Get real-time tracking info","failureMessages":[],"location":{"line":155,"column":5},"meta":{},"tags":[]},{"ancestorTitles":["Phase 6b: Global Fulfillment","Shipment Tracking"],"fullName":"Phase 6b: Global Fulfillment Shipment Tracking update-shipment-status: Update shipment from carrier webhook","status":"skipped","title":"update-shipment-status: Update shipment from carrier webhook","failureMessages":[],"location":{"line":163,"column":5},"meta":{},"tags":[]},{"ancestorTitles":["Phase 6b: Global Fulfillment","Returns & Refunds"],"fullName":"Phase 6b: Global Fulfillment Returns & Refunds initiate-return: Create return label","status":"skipped","title":"initiate-return: Create return label","failureMessages":[],"location":{"line":178,"column":5},"meta":{},"tags":[]},{"ancestorTitles":["Phase 6b: Global Fulfillment","Returns & Refunds"],"fullName":"Phase 6b: Global Fulfillment Returns & Refunds process-return: Inspect and approve return","status":"skipped","title":"process-return: Inspect and approve return","failureMessages":[],"location":{"line":193,"column":5},"meta":{},"tags":[]},{"ancestorTitles":["Phase 7: AI Helper","AI Assistant"],"fullName":"Phase 7: AI Helper AI Assistant ask: Get AI response to question","status":"skipped","title":"ask: Get AI response to question","failureMessages":[],"location":{"line":209,"column":5},"meta":{},"tags":[]},{"ancestorTitles":["Phase 7: AI Helper","AI Assistant"],"fullName":"Phase 7: AI Helper AI Assistant guides: Get help guide for topic","status":"skipped","title":"guides: Get help guide for topic","failureMessages":[],"location":{"line":224,"column":5},"meta":{},"tags":[]},{"ancestorTitles":["Phase 7: AI Helper","AI Assistant"],"fullName":"Phase 7: AI Helper AI Assistant pricing-suggest: Get AI pricing recommendations","status":"skipped","title":"pricing-suggest: Get AI pricing recommendations","failureMessages":[],"location":{"line":234,"column":5},"meta":{},"tags":[]},{"ancestorTitles":["Phase 7: AI Helper","AI Assistant"],"fullName":"Phase 7: AI Helper AI Assistant compliance-checklist: Get legal requirements","status":"skipped","title":"compliance-checklist: Get legal requirements","failureMessages":[],"location":{"line":251,"column":5},"meta":{},"tags":[]},{"ancestorTitles":["Phase 7: AI Helper","AI Assistant"],"fullName":"Phase 7: AI Helper AI Assistant performance-insights: Get AI seller insights","status":"skipped","title":"performance-insights: Get AI seller insights","failureMessages":[],"location":{"line":263,"column":5},"meta":{},"tags":[]},{"ancestorTitles":["Phase 8: Open API & Integrations","Partner Integrations"],"fullName":"Phase 8: Open API & Integrations Partner Integrations connect: Connect partner account","status":"skipped","title":"connect: Connect partner account","failureMessages":[],"location":{"line":279,"column":5},"meta":{},"tags":[]},{"ancestorTitles":["Phase 8: Open API & Integrations","Partner Integrations"],"fullName":"Phase 8: Open API & Integrations Partner Integrations integrations: List connected partners","status":"skipped","title":"integrations: List connected partners","failureMessages":[],"location":{"line":292,"column":5},"meta":{},"tags":[]},{"ancestorTitles":["Phase 8: Open API & Integrations","Partner Integrations"],"fullName":"Phase 8: Open API & Integrations Partner Integrations sync: Trigger manual sync with partner","status":"skipped","title":"sync: Trigger manual sync with partner","failureMessages":[],"location":{"line":304,"column":5},"meta":{},"tags":[]},{"ancestorTitles":["Phase 8: Open API & Integrations","Public API v1"],"fullName":"Phase 8: Open API & Integrations Public API v1 products: List seller products via API key","status":"skipped","title":"products: List seller products via API key","failureMessages":[],"location":{"line":315,"column":5},"meta":{},"tags":[]},{"ancestorTitles":["Phase 8: Open API & Integrations","Public API v1"],"fullName":"Phase 8: Open API & Integrations Public API v1 orders: List seller orders via API key","status":"skipped","title":"orders: List seller orders via API key","failureMessages":[],"location":{"line":327,"column":5},"meta":{},"tags":[]},{"ancestorTitles":["Phase 8: Open API & Integrations","Public API v1"],"fullName":"Phase 8: Open API & Integrations Public API v1 inventory-sync: Sync inventory levels","status":"skipped","title":"inventory-sync: Sync inventory levels","failureMessages":[],"location":{"line":339,"column":5},"meta":{},"tags":[]},{"ancestorTitles":["Phase 8: Open API & Integrations","Public API v1"],"fullName":"Phase 8: Open API & Integrations Public API v1 analytics: Get seller analytics via API","status":"skipped","title":"analytics: Get seller analytics via API","failureMessages":[],"location":{"line":356,"column":5},"meta":{},"tags":[]},{"ancestorTitles":["Phase 8: Open API & Integrations","Public API v1"],"fullName":"Phase 8: Open API & Integrations Public API v1 fulfill-order: Mark order as fulfilled","status":"skipped","title":"fulfill-order: Mark order as fulfilled","failureMessages":[],"location":{"line":368,"column":5},"meta":{},"tags":[]},{"ancestorTitles":["Phase 8: Open API & Integrations","Webhooks"],"fullName":"Phase 8: Open API & Integrations Webhooks webhooks-register: Register webhook","status":"skipped","title":"webhooks-register: Register webhook","failureMessages":[],"location":{"line":382,"column":5},"meta":{},"tags":[]},{"ancestorTitles":["Health & Status"],"fullName":"Health & Status health: API health check","status":"skipped","title":"health: API health check","failureMessages":[],"location":{"line":397,"column":3},"meta":{},"tags":[]},{"ancestorTitles":["Health & Status"],"fullName":"Health & Status ping: Express ping","status":"skipped","title":"ping: Express ping","failureMessages":[],"location":{"line":407,"column":3},"meta":{},"tags":[]},{"ancestorTitles":["Health & Status"],"fullName":"Health & Status version: API version info","status":"skipped","title":"version: API version info","failureMessages":[],"location":{"line":416,"column":3},"meta":{},"tags":[]},{"ancestorTitles":["Health & Status"],"fullName":"Health & Status openapi: OpenAPI spec available","status":"skipped","title":"openapi: OpenAPI spec available","failureMessages":[],"location":{"line":425,"column":3},"meta":{},"tags":[]},{"ancestorTitles":["Health & Status"],"fullName":"Health & Status docs: Swagger UI available","status":"skipped","title":"docs: Swagger UI available","failureMessages":[],"location":{"line":436,"column":3},"meta":{},"tags":[]}],"startTime":1785436645628,"endTime":1785436645628,"status":"failed","message":"Hook timed out in 10000ms.\nIf this is a long-running hook, pass a timeout value as the last argument or configure it globally with \"hookTimeout\".","name":"C:/Users/user/Documents/GitHub/pva-bazaar-app/backend/__tests__/phases-6-8.test.js"}]}