{"numTotalTestSuites":4,"numPassedTestSuites":4,"numFailedTestSuites":0,"numPendingTestSuites":0,"numTotalTests":22,"numPassedTests":22,"numFailedTests":0,"numPendingTests":0,"numTodoTests":0,"snapshot":{"added":0,"failure":false,"filesAdded":0,"filesRemoved":0,"filesRemovedList":[],"filesUnmatched":0,"filesUpdated":0,"matched":0,"total":0,"unchecked":0,"uncheckedKeysByFile":[],"unmatched":0,"updated":0,"didUpdate":false},"startTime":1785356682365,"success":true,"testResults":[{"assertionResults":[{"ancestorTitles":["Manuscript Version API"],"fullName":"Manuscript Version API POST /:bookId/versions - creates a version snapshot","status":"passed","title":"POST /:bookId/versions - creates a version snapshot","duration":66.99369999999999,"failureMessages":[],"location":{"line":56,"column":3},"meta":{},"tags":[]},{"ancestorTitles":["Manuscript Version API"],"fullName":"Manuscript Version API POST /:bookId/versions - returns 401 without auth","status":"passed","title":"POST /:bookId/versions - returns 401 without auth","duration":9.878000000000156,"failureMessages":[],"location":{"line":71,"column":3},"meta":{},"tags":[]},{"ancestorTitles":["Manuscript Version API"],"fullName":"Manuscript Version API POST /:bookId/versions - returns 404 for non-existent book","status":"passed","title":"POST /:bookId/versions - returns 404 for non-existent book","duration":38.2800000000002,"failureMessages":[],"location":{"line":79,"column":3},"meta":{},"tags":[]},{"ancestorTitles":["Manuscript Version API"],"fullName":"Manuscript Version API GET /:bookId/versions - lists all versions","status":"passed","title":"GET /:bookId/versions - lists all versions","duration":15.23660000000018,"failureMessages":[],"location":{"line":90,"column":3},"meta":{},"tags":[]},{"ancestorTitles":["Manuscript Version API"],"fullName":"Manuscript Version API GET /:bookId/versions - returns 401 without auth","status":"passed","title":"GET /:bookId/versions - returns 401 without auth","duration":6.634799999999814,"failureMessages":[],"location":{"line":108,"column":3},"meta":{},"tags":[]},{"ancestorTitles":["Manuscript Version API"],"fullName":"Manuscript Version API POST /:bookId/versions - increments version number on subsequent snapshots","status":"passed","title":"POST /:bookId/versions - increments version number on subsequent snapshots","duration":36.73739999999998,"failureMessages":[],"location":{"line":115,"column":3},"meta":{},"tags":[]},{"ancestorTitles":["Manuscript Version API"],"fullName":"Manuscript Version API GET /:bookId/versions - returns versions sorted by version descending","status":"passed","title":"GET /:bookId/versions - returns versions sorted by version descending","duration":11.710100000000239,"failureMessages":[],"location":{"line":130,"column":3},"meta":{},"tags":[]},{"ancestorTitles":["Manuscript Version API"],"fullName":"Manuscript Version API POST /:bookId/versions/:versionId/restore - restores a previous version","status":"passed","title":"POST /:bookId/versions/:versionId/restore - restores a previous version","duration":41.17939999999999,"failureMessages":[],"location":{"line":138,"column":3},"meta":{},"tags":[]},{"ancestorTitles":["Manuscript Version API"],"fullName":"Manuscript Version API POST /:bookId/versions/:versionId/restore - returns 404 for non-existent version","status":"passed","title":"POST /:bookId/versions/:versionId/restore - returns 404 for non-existent version","duration":9.522399999999834,"failureMessages":[],"location":{"line":159,"column":3},"meta":{},"tags":[]},{"ancestorTitles":["Manuscript Version API"],"fullName":"Manuscript Version API GET /:bookId/versions/:versionId - gets a specific version","status":"passed","title":"GET /:bookId/versions/:versionId - gets a specific version","duration":18.201500000000124,"failureMessages":[],"location":{"line":169,"column":3},"meta":{},"tags":[]},{"ancestorTitles":["Manuscript Version API"],"fullName":"Manuscript Version API GET /:bookId/versions/:versionId - returns 404 for non-existent version","status":"passed","title":"GET /:bookId/versions/:versionId - returns 404 for non-existent version","duration":9.721399999999903,"failureMessages":[],"location":{"line":186,"column":3},"meta":{},"tags":[]}],"startTime":1785356685802,"endTime":1785356686066.7214,"status":"passed","message":"","name":"C:/Users/user/Documents/GitHub/pva-bazaar-app/backend/routes/__tests__/manuscriptVersion.test.js"},{"assertionResults":[{"ancestorTitles":["Manuscript Version API"],"fullName":"Manuscript Version API POST /:bookId/versions - creates a version snapshot","status":"passed","title":"POST /:bookId/versions - creates a version snapshot","duration":64.83680000000004,"failureMessages":[],"meta":{},"tags":[]},{"ancestorTitles":["Manuscript Version API"],"fullName":"Manuscript Version API POST /:bookId/versions - returns 401 without auth","status":"passed","title":"POST /:bookId/versions - returns 401 without auth","duration":10.943899999999758,"failureMessages":[],"meta":{},"tags":[]},{"ancestorTitles":["Manuscript Version API"],"fullName":"Manuscript Version API POST /:bookId/versions - returns 404 for non-existent book","status":"passed","title":"POST /:bookId/versions - returns 404 for non-existent book","duration":52.982000000000426,"failureMessages":[],"meta":{},"tags":[]},{"ancestorTitles":["Manuscript Version API"],"fullName":"Manuscript Version API GET /:bookId/versions - lists all versions","status":"passed","title":"GET /:bookId/versions - lists all versions","duration":14.746999999999844,"failureMessages":[],"meta":{},"tags":[]},{"ancestorTitles":["Manuscript Version API"],"fullName":"Manuscript Version API GET /:bookId/versions - returns 401 without auth","status":"passed","title":"GET /:bookId/versions - returns 401 without auth","duration":6.901800000000094,"failureMessages":[],"meta":{},"tags":[]},{"ancestorTitles":["Manuscript Version API"],"fullName":"Manuscript Version API POST /:bookId/versions - increments version number on subsequent snapshots","status":"passed","title":"POST /:bookId/versions - increments version number on subsequent snapshots","duration":29.94170000000031,"failureMessages":[],"meta":{},"tags":[]},{"ancestorTitles":["Manuscript Version API"],"fullName":"Manuscript Version API GET /:bookId/versions - returns versions sorted by version descending","status":"passed","title":"GET /:bookId/versions - returns versions sorted by version descending","duration":11.80199999999968,"failureMessages":[],"meta":{},"tags":[]},{"ancestorTitles":["Manuscript Version API"],"fullName":"Manuscript Version API POST /:bookId/versions/:versionId/restore - restores a previous version","status":"passed","title":"POST /:bookId/versions/:versionId/restore - restores a previous version","duration":41.027300000000196,"failureMessages":[],"meta":{},"tags":[]},{"ancestorTitles":["Manuscript Version API"],"fullName":"Manuscript Version API POST /:bookId/versions/:versionId/restore - returns 404 for non-existent version","status":"passed","title":"POST /:bookId/versions/:versionId/restore - returns 404 for non-existent version","duration":9.632599999999911,"failureMessages":[],"meta":{},"tags":[]},{"ancestorTitles":["Manuscript Version API"],"fullName":"Manuscript Version API GET /:bookId/versions/:versionId - gets a specific version","status":"passed","title":"GET /:bookId/versions/:versionId - gets a specific version","duration":18.66690000000017,"failureMessages":[],"meta":{},"tags":[]},{"ancestorTitles":["Manuscript Version API"],"fullName":"Manuscript Version API GET /:bookId/versions/:versionId - returns 404 for non-existent version","status":"passed","title":"GET /:bookId/versions/:versionId - returns 404 for non-existent version","duration":7.614300000000185,"failureMessages":[],"meta":{},"tags":[]}],"startTime":1785356685802,"endTime":1785356686071.6143,"status":"passed","message":"","name":"C:/Users/user/Documents/GitHub/pva-bazaar-app/backend/node_modules/pva-bazaar/backend/routes/__tests__/manuscriptVersion.test.js"}]}